#-----------------------------------------------------------
# Vivado v2019.1 (64-bit)
# SW Build 2552052 on Fri May 24 14:47:09 MDT 2019
# IP Build 2548770 on Fri May 24 18:01:18 MDT 2019
# Start of session at: Fri Nov 29 13:29:25 2019
# Process ID: 26295
# Current directory: /home/pslavkin/mse_3_21sdc/tp
# Command line: vivado
# Log file: /home/pslavkin/mse_3_21sdc/tp/vivado.log
# Journal file: /home/pslavkin/mse_3_21sdc/tp/vivado.jou
#-----------------------------------------------------------
start_gui
WARNING: [Board 49-91] Board repository path '/home/pslavkin/.Xilinx/Vivado/2019.1/xhub/board_store' does not exist, it will not be used to search board files.
create_project tp . -part xc7z020clg400-1
INFO: [IP_Flow 19-234] Refreshing IP repositories
INFO: [IP_Flow 19-1704] No user IP repositories specified
INFO: [IP_Flow 19-2313] Loaded Vivado IP repository '/opt/Xilinx_2019/Vivado/2019.1/data/ip'.
create_project: Time (s): cpu = 00:00:18 ; elapsed = 00:00:08 . Memory (MB): peak = 6378.871 ; gain = 41.613 ; free physical = 165 ; free virtual = 2554
set_property board_part digilentinc.com:arty-z7-20:part0:1.0 [current_project]
set_property target_language VHDL [current_project]
import_files -fileset constrs_1 -force -norecurse /home/pslavkin/test_clk1/Arty-Z7-20-Master.xdc
create_bd_design "design_1"
Wrote  : </home/pslavkin/mse_3_21sdc/tp/tp.srcs/sources_1/bd/design_1/design_1.bd> 
create_bd_design: Time (s): cpu = 00:00:13 ; elapsed = 00:00:07 . Memory (MB): peak = 6500.945 ; gain = 92.191 ; free physical = 198 ; free virtual = 2427
update_compile_order -fileset sources_1
startgroup
create_bd_cell -type ip -vlnv xilinx.com:ip:processing_system7:5.5 processing_system7_0
endgroup
WARNING: [IP_Flow 19-474] Invalid Parameter 'Component_Name'
startgroup
apply_bd_automation -rule xilinx.com:bd_rule:processing_system7 -config {make_external "FIXED_IO, DDR" apply_board_preset "1" Master "Disable" Slave "Disable" }  [get_bd_cells processing_system7_0]
apply_bd_automation: Time (s): cpu = 00:00:07 ; elapsed = 00:00:07 . Memory (MB): peak = 6610.375 ; gain = 5.938 ; free physical = 146 ; free virtual = 2289
endgroup
CRITICAL WARNING: [PSU-1]  Parameter : PCW_UIPARAM_DDR_DQS_TO_CLK_DELAY_2 has negative value -0.009 . PS DDR interfaces might fail when entering negative DQS skew values. 
CRITICAL WARNING: [PSU-2]  Parameter : PCW_UIPARAM_DDR_DQS_TO_CLK_DELAY_3 has negative value -0.033 . PS DDR interfaces might fail when entering negative DQS skew values. 
WARNING: [IP_Flow 19-474] Invalid Parameter 'Component_Name'
CRITICAL WARNING: [PSU-1]  Parameter : PCW_UIPARAM_DDR_DQS_TO_CLK_DELAY_2 has negative value -0.009 . PS DDR interfaces might fail when entering negative DQS skew values. 
CRITICAL WARNING: [PSU-2]  Parameter : PCW_UIPARAM_DDR_DQS_TO_CLK_DELAY_3 has negative value -0.033 . PS DDR interfaces might fail when entering negative DQS skew values. 
CRITICAL WARNING: [PSU-1]  Parameter : PCW_UIPARAM_DDR_DQS_TO_CLK_DELAY_2 has negative value -0.009 . PS DDR interfaces might fail when entering negative DQS skew values. 
CRITICAL WARNING: [PSU-2]  Parameter : PCW_UIPARAM_DDR_DQS_TO_CLK_DELAY_3 has negative value -0.033 . PS DDR interfaces might fail when entering negative DQS skew values. 
CRITICAL WARNING: [PSU-1]  Parameter : PCW_UIPARAM_DDR_DQS_TO_CLK_DELAY_2 has negative value -0.009 . PS DDR interfaces might fail when entering negative DQS skew values. 
CRITICAL WARNING: [PSU-2]  Parameter : PCW_UIPARAM_DDR_DQS_TO_CLK_DELAY_3 has negative value -0.033 . PS DDR interfaces might fail when entering negative DQS skew values. 
CRITICAL WARNING: [PSU-1]  Parameter : PCW_UIPARAM_DDR_DQS_TO_CLK_DELAY_2 has negative value -0.009 . PS DDR interfaces might fail when entering negative DQS skew values. 
CRITICAL WARNING: [PSU-2]  Parameter : PCW_UIPARAM_DDR_DQS_TO_CLK_DELAY_3 has negative value -0.033 . PS DDR interfaces might fail when entering negative DQS skew values. 
CRITICAL WARNING: [PSU-1]  Parameter : PCW_UIPARAM_DDR_DQS_TO_CLK_DELAY_2 has negative value -0.009 . PS DDR interfaces might fail when entering negative DQS skew values. 
CRITICAL WARNING: [PSU-2]  Parameter : PCW_UIPARAM_DDR_DQS_TO_CLK_DELAY_3 has negative value -0.033 . PS DDR interfaces might fail when entering negative DQS skew values. 
CRITICAL WARNING: [PSU-1]  Parameter : PCW_UIPARAM_DDR_DQS_TO_CLK_DELAY_2 has negative value -0.009 . PS DDR interfaces might fail when entering negative DQS skew values. 
CRITICAL WARNING: [PSU-2]  Parameter : PCW_UIPARAM_DDR_DQS_TO_CLK_DELAY_3 has negative value -0.033 . PS DDR interfaces might fail when entering negative DQS skew values. 
startgroup
set_property -dict [list CONFIG.PCW_FPGA0_PERIPHERAL_FREQMHZ {10} CONFIG.PCW_QSPI_PERIPHERAL_ENABLE {0} CONFIG.PCW_ENET0_PERIPHERAL_ENABLE {0} CONFIG.PCW_SD0_PERIPHERAL_ENABLE {0} CONFIG.PCW_UART0_UART0_IO {EMIO} CONFIG.PCW_USB0_PERIPHERAL_ENABLE {0}] [get_bd_cells processing_system7_0]
CRITICAL WARNING: [PSU-1]  Parameter : PCW_UIPARAM_DDR_DQS_TO_CLK_DELAY_2 has negative value -0.009 . PS DDR interfaces might fail when entering negative DQS skew values. 
CRITICAL WARNING: [PSU-2]  Parameter : PCW_UIPARAM_DDR_DQS_TO_CLK_DELAY_3 has negative value -0.033 . PS DDR interfaces might fail when entering negative DQS skew values. 
endgroup
startgroup
create_bd_cell -type ip -vlnv xilinx.com:ip:axi_gpio:2.0 axi_gpio_0
endgroup
startgroup
apply_bd_automation -rule xilinx.com:bd_rule:axi4 -config { Clk_master {Auto} Clk_slave {Auto} Clk_xbar {Auto} Master {/processing_system7_0/M_AXI_GP0} Slave {/axi_gpio_0/S_AXI} intc_ip {New AXI Interconnect} master_apm {0}}  [get_bd_intf_pins axi_gpio_0/S_AXI]
INFO: [Ipptcl 7-1463] No Compatible Board Interface found. Board Tab not created in customize GUI
Slave segment </axi_gpio_0/S_AXI/Reg> is being mapped into address space </processing_system7_0/Data> at <0x4120_0000 [ 64K ]>
apply_bd_automation -rule xilinx.com:bd_rule:board -config { Board_Interface {btns_4bits ( 4 Buttons ) } Manual_Source {Auto}}  [get_bd_intf_pins axi_gpio_0/GPIO]
INFO: [board_rule 100-100] set_property CONFIG.USE_BOARD_FLOW true [get_bd_cells /axi_gpio_0]
INFO: [board_rule 100-100] set_property CONFIG.GPIO_BOARD_INTERFACE btns_4bits [get_bd_cells /axi_gpio_0]
INFO: [board_rule 100-100] create_bd_intf_port -mode Master -vlnv xilinx.com:interface:gpio_rtl:1.0 btns_4bits
INFO: [board_rule 100-100] connect_bd_intf_net /btns_4bits /axi_gpio_0/GPIO
endgroup
regenerate_bd_layout
startgroup
set_property -dict [list CONFIG.C_GPIO2_WIDTH {4} CONFIG.C_IS_DUAL {1} CONFIG.GPIO2_BOARD_INTERFACE {leds_4bits}] [get_bd_cells axi_gpio_0]
endgroup
apply_bd_automation -rule xilinx.com:bd_rule:board -config { Board_Interface {leds_4bits ( 4 LEDs ) } Manual_Source {Auto}}  [get_bd_intf_pins axi_gpio_0/GPIO2]
INFO: [board_rule 100-100] set_property CONFIG.GPIO2_BOARD_INTERFACE leds_4bits [get_bd_cells /axi_gpio_0]
INFO: [board_rule 100-100] create_bd_intf_port -mode Master -vlnv xilinx.com:interface:gpio_rtl:1.0 leds_4bits
INFO: [board_rule 100-100] connect_bd_intf_net /leds_4bits /axi_gpio_0/GPIO2
set_property location {1033 415} [get_bd_intf_ports btns_4bits]
regenerate_bd_layout
save_bd_design
Wrote  : </home/pslavkin/mse_3_21sdc/tp/tp.srcs/sources_1/bd/design_1/design_1.bd> 
Wrote  : </home/pslavkin/mse_3_21sdc/tp/tp.srcs/sources_1/bd/design_1/ui/bd_1f5defd0.ui> 
launch_runs impl_1 -to_step write_bitstream -jobs 4
Wrote  : </home/pslavkin/mse_3_21sdc/tp/tp.srcs/sources_1/bd/design_1/design_1.bd> 
VHDL Output written to : /home/pslavkin/mse_3_21sdc/tp/tp.srcs/sources_1/bd/design_1/synth/design_1.vhd
VHDL Output written to : /home/pslavkin/mse_3_21sdc/tp/tp.srcs/sources_1/bd/design_1/sim/design_1.vhd
VHDL Output written to : /home/pslavkin/mse_3_21sdc/tp/tp.srcs/sources_1/bd/design_1/hdl/design_1_wrapper.vhd
INFO: [BD 41-1029] Generation completed for the IP Integrator block processing_system7_0 .
INFO: [BD 41-1029] Generation completed for the IP Integrator block axi_gpio_0 .
INFO: [BD 41-1029] Generation completed for the IP Integrator block rst_ps7_0_10M .
WARNING: [IP_Flow 19-4994] Overwriting existing constraint file '/home/pslavkin/mse_3_21sdc/tp/tp.srcs/sources_1/bd/design_1/ip/design_1_auto_pc_0/design_1_auto_pc_0_ooc.xdc'
INFO: [BD 41-1029] Generation completed for the IP Integrator block ps7_0_axi_periph/s00_couplers/auto_pc .
Exporting to file /home/pslavkin/mse_3_21sdc/tp/tp.srcs/sources_1/bd/design_1/hw_handoff/design_1.hwh
Generated Block Design Tcl file /home/pslavkin/mse_3_21sdc/tp/tp.srcs/sources_1/bd/design_1/hw_handoff/design_1_bd.tcl
Generated Hardware Definition File /home/pslavkin/mse_3_21sdc/tp/tp.srcs/sources_1/bd/design_1/synth/design_1.hwdef
CRITICAL WARNING: [filemgmt 20-730] Could not find a top module in the fileset sources_1.
Resolution: With the gui up, review the source files in the Sources window. Use Add Sources to add any needed sources. If the files are disabled, enable them. You can also select the file and choose Set Used In from the pop-up menu. Review if they are being used at the proper points of the flow.
ERROR: [Common 17-70] Application Exception: Top module not set for fileset 'sources_1'. Please ensure that a valid value is provided for 'top'. The value for 'top' can be set/changed using the 'Top Module Name' field under 'Project Settings', or using the 'set_property top' Tcl command (e.g. set_property top <name> [current_fileset]).
launch_runs impl_1 -to_step write_bitstream -jobs 4
CRITICAL WARNING: [filemgmt 20-730] Could not find a top module in the fileset sources_1.
Resolution: With the gui up, review the source files in the Sources window. Use Add Sources to add any needed sources. If the files are disabled, enable them. You can also select the file and choose Set Used In from the pop-up menu. Review if they are being used at the proper points of the flow.
ERROR: [Common 17-70] Application Exception: Top module not set for fileset 'sources_1'. Please ensure that a valid value is provided for 'top'. The value for 'top' can be set/changed using the 'Top Module Name' field under 'Project Settings', or using the 'set_property top' Tcl command (e.g. set_property top <name> [current_fileset]).
make_wrapper -files [get_files /home/pslavkin/mse_3_21sdc/tp/tp.srcs/sources_1/bd/design_1/design_1.bd] -top
add_files -norecurse /home/pslavkin/mse_3_21sdc/tp/tp.srcs/sources_1/bd/design_1/hdl/design_1_wrapper.vhd
launch_runs impl_1 -to_step write_bitstream -jobs 4
[Fri Nov 29 16:30:05 2019] Launched design_1_rst_ps7_0_10M_0_synth_1, design_1_axi_gpio_0_0_synth_1, design_1_processing_system7_0_0_synth_1, design_1_auto_pc_0_synth_1, synth_1...
Run output will be captured here:
design_1_rst_ps7_0_10M_0_synth_1: /home/pslavkin/mse_3_21sdc/tp/tp.runs/design_1_rst_ps7_0_10M_0_synth_1/runme.log
design_1_axi_gpio_0_0_synth_1: /home/pslavkin/mse_3_21sdc/tp/tp.runs/design_1_axi_gpio_0_0_synth_1/runme.log
design_1_processing_system7_0_0_synth_1: /home/pslavkin/mse_3_21sdc/tp/tp.runs/design_1_processing_system7_0_0_synth_1/runme.log
design_1_auto_pc_0_synth_1: /home/pslavkin/mse_3_21sdc/tp/tp.runs/design_1_auto_pc_0_synth_1/runme.log
synth_1: /home/pslavkin/mse_3_21sdc/tp/tp.runs/synth_1/runme.log
[Fri Nov 29 16:30:05 2019] Launched impl_1...
Run output will be captured here: /home/pslavkin/mse_3_21sdc/tp/tp.runs/impl_1/runme.log
