#-----------------------------------------------------------
# Vivado v2019.1 (64-bit)
# SW Build 2552052 on Fri May 24 14:47:09 MDT 2019
# IP Build 2548770 on Fri May 24 18:01:18 MDT 2019
# Start of session at: Tue Dec  3 20:02:51 2019
# Process ID: 1907
# Current directory: /home/pslavkin/mse_3_21sdc/tp
# Command line: vivado
# Log file: /home/pslavkin/mse_3_21sdc/tp/vivado.log
# Journal file: /home/pslavkin/mse_3_21sdc/tp/vivado.jou
#-----------------------------------------------------------
start_gui
open_project /home/pslavkin/mse_3_21sdc/tp/tp.xpr
WARNING: [Board 49-91] Board repository path '/home/pslavkin/.Xilinx/Vivado/2019.1/xhub/board_store' does not exist, it will not be used to search board files.
Scanning sources...
Finished scanning sources
WARNING: [filemgmt 56-3] Board Part Repository Path: Could not find the directory '/home/pslavkin/.Xilinx/Vivado/2019.1/xhub/board_store'.
INFO: [IP_Flow 19-234] Refreshing IP repositories
INFO: [IP_Flow 19-1704] No user IP repositories specified
INFO: [IP_Flow 19-2313] Loaded Vivado IP repository '/opt/Xilinx_2019/Vivado/2019.1/data/ip'.
open_project: Time (s): cpu = 00:00:24 ; elapsed = 00:00:10 . Memory (MB): peak = 6415.832 ; gain = 117.492 ; free physical = 470 ; free virtual = 3948
update_compile_order -fileset sources_1
open_bd_design {/home/pslavkin/mse_3_21sdc/tp/tp.srcs/sources_1/bd/design_1/design_1.bd}
Adding component instance block -- xilinx.com:ip:processing_system7:5.5 - processing_system7_0
Adding component instance block -- xilinx.com:ip:axi_gpio:2.0 - axi_gpio_0
Adding component instance block -- xilinx.com:ip:axi_interconnect:2.1 - ps7_0_axi_periph
Adding component instance block -- xilinx.com:ip:axi_protocol_converter:2.1 - auto_pc
Adding component instance block -- xilinx.com:ip:proc_sys_reset:5.0 - rst_ps7_0_10M
Successfully read diagram <design_1> from BD file </home/pslavkin/mse_3_21sdc/tp/tp.srcs/sources_1/bd/design_1/design_1.bd>
open_bd_design: Time (s): cpu = 00:00:11 ; elapsed = 00:00:07 . Memory (MB): peak = 6523.219 ; gain = 0.000 ; free physical = 226 ; free virtual = 3813
launch_sdk -workspace /home/pslavkin/mse_3_21sdc/tp/tp.sdk -hwspec /home/pslavkin/mse_3_21sdc/tp/tp.sdk/design_1_wrapper.hdf
INFO: [Vivado 12-393] Launching SDK...
INFO: [Vivado 12-417] Running xsdk -workspace /home/pslavkin/mse_3_21sdc/tp/tp.sdk -hwspec /home/pslavkin/mse_3_21sdc/tp/tp.sdk/design_1_wrapper.hdf
INFO: [Vivado 12-3157] SDK launch initiated. Please check console for any further messages.
launch_sdk -workspace /home/pslavkin/mse_3_21sdc/tp/tp.sdk -hwspec /home/pslavkin/mse_3_21sdc/tp/tp.sdk/design_1_wrapper.hdf
INFO: [Vivado 12-393] Launching SDK...
INFO: [Vivado 12-417] Running xsdk -workspace /home/pslavkin/mse_3_21sdc/tp/tp.sdk -hwspec /home/pslavkin/mse_3_21sdc/tp/tp.sdk/design_1_wrapper.hdf
INFO: [Vivado 12-3157] SDK launch initiated. Please check console for any further messages.
startgroup
create_bd_cell -type ip -vlnv xilinx.com:ip:axi_dma:7.1 axi_dma_0
endgroup
apply_bd_automation -rule xilinx.com:bd_rule:axi4 -config { Clk_master {/processing_system7_0/FCLK_CLK0 (10 MHz)} Clk_slave {Auto} Clk_xbar {/processing_system7_0/FCLK_CLK0 (10 MHz)} Master {/processing_system7_0/M_AXI_GP0} Slave {/axi_dma_0/S_AXI_LITE} intc_ip {/ps7_0_axi_periph} master_apm {0}}  [get_bd_intf_pins axi_dma_0/S_AXI_LITE]
Slave segment </axi_dma_0/S_AXI_LITE/Reg> is being mapped into address space </processing_system7_0/Data> at <0x4040_0000 [ 64K ]>
regenerate_bd_layout
open_bd_design {/home/pslavkin/mse_3_21sdc/tp/tp.srcs/sources_1/bd/design_1/design_1.bd}
save_bd_design
Wrote  : </home/pslavkin/mse_3_21sdc/tp/tp.srcs/sources_1/bd/design_1/design_1.bd> 
Wrote  : </home/pslavkin/mse_3_21sdc/tp/tp.srcs/sources_1/bd/design_1/ui/bd_1f5defd0.ui> 
close_project
open_project /home/pslavkin/mse_3_21sdc/cordic/vivado_project/FPGA_interface/FPGA_interface.xpr
Scanning sources...
Finished scanning sources
WARNING: [filemgmt 56-3] Board Part Repository Path: Could not find the directory '/home/pslavkin/.Xilinx/Vivado/2019.1/xhub/board_store'.
INFO: [IP_Flow 19-234] Refreshing IP repositories
INFO: [IP_Flow 19-1700] Loaded user IP repository '/home/pslavkin/mse_3_21sdc/cordic/my_ip'.
INFO: [IP_Flow 19-2313] Loaded Vivado IP repository '/opt/Xilinx_2019/Vivado/2019.1/data/ip'.
open_project: Time (s): cpu = 00:00:16 ; elapsed = 00:00:11 . Memory (MB): peak = 6660.398 ; gain = 0.000 ; free physical = 117 ; free virtual = 1631
open_bd_design {/home/pslavkin/mse_3_21sdc/cordic/vivado_project/FPGA_interface/FPGA_interface.srcs/sources_1/bd/design_1/design_1.bd}
Adding component instance block -- xilinx.com:ip:axi_dma:7.1 - axi_dma_0
WARNING: [BD 41-1282] Ignoring parameter HAS_BURST
WARNING: [BD 41-1281] Parameter HAS_BURST is not defined on /axi_dma_0/M_AXIS_MM2S. Setting parameter on /axi_dma_0/M_AXIS_MM2S failed
Adding component instance block -- xilinx.com:ip:smartconnect:1.0 - axi_smc
Adding component instance block -- xilinx.com:ip:processing_system7:5.5 - processing_system7_0
Adding component instance block -- xilinx.com:ip:axi_interconnect:2.1 - ps7_0_axi_periph
Adding component instance block -- xilinx.com:ip:axi_crossbar:2.1 - xbar
Adding component instance block -- xilinx.com:ip:axi_protocol_converter:2.1 - auto_pc
Adding component instance block -- xilinx.com:ip:proc_sys_reset:5.0 - rst_ps7_0_100M
Adding component instance block -- xilinx.com:ip:xlconcat:2.1 - xlconcat_0
Adding component instance block -- xilinx.com:module_ref:rtl_system:1.0 - rtl_system
Successfully read diagram <design_1> from BD file </home/pslavkin/mse_3_21sdc/cordic/vivado_project/FPGA_interface/FPGA_interface.srcs/sources_1/bd/design_1/design_1.bd>
open_bd_design: Time (s): cpu = 00:00:29 ; elapsed = 00:00:16 . Memory (MB): peak = 6668.395 ; gain = 7.996 ; free physical = 144 ; free virtual = 1319
update_compile_order -fileset sources_1
