#-----------------------------------------------------------
# Vivado v2019.1 (64-bit)
# SW Build 2552052 on Fri May 24 14:47:09 MDT 2019
# IP Build 2548770 on Fri May 24 18:01:18 MDT 2019
# Start of session at: Fri Jan 10 17:09:59 2020
# Process ID: 3740
# Current directory: /home/pslavkin/mse_3_21sdc/tp/sim
# Command line: vivado
# Log file: /home/pslavkin/mse_3_21sdc/tp/sim/vivado.log
# Journal file: /home/pslavkin/mse_3_21sdc/tp/sim/vivado.jou
#-----------------------------------------------------------
start_gui
open_project /home/pslavkin/mse_3_21sdc/tp/tp.xpr
WARNING: [Board 49-91] Board repository path '/home/pslavkin/.Xilinx/Vivado/2019.1/xhub/board_store' does not exist, it will not be used to search board files.
CRITICAL WARNING: [Project 1-19] Could not find the file '/home/pslavkin/mse_3_21sdc/tp/tp.srcs/sources_1/new/split_2to8.vhd'.
CRITICAL WARNING: [Project 1-19] Could not find the file '/home/pslavkin/mse_3_21sdc/tp/tp.srcs/sources_1/new/split_1to8.vhd'.
CRITICAL WARNING: [Project 1-19] Could not find the file '/home/pslavkin/mse_3_21sdc/tp/tp.srcs/sources_1/new/join_8to1.vhd'.
CRITICAL WARNING: [Project 1-19] Could not find the file '/home/pslavkin/mse_3_21sdc/tp/tp.srcs/sources_1/new/join_8to2.vhd'.
Scanning sources...
Finished scanning sources
WARNING: [filemgmt 56-3] Board Part Repository Path: Could not find the directory '/home/pslavkin/.Xilinx/Vivado/2019.1/xhub/board_store'.
INFO: [IP_Flow 19-234] Refreshing IP repositories
INFO: [IP_Flow 19-1704] No user IP repositories specified
INFO: [IP_Flow 19-2313] Loaded Vivado IP repository '/opt/Xilinx_2019/Vivado/2019.1/data/ip'.
open_project: Time (s): cpu = 00:00:25 ; elapsed = 00:00:10 . Memory (MB): peak = 6428.598 ; gain = 95.609 ; free physical = 113 ; free virtual = 6321
update_compile_order -fileset sources_1
exit
INFO: [Common 17-206] Exiting Vivado at Fri Jan 10 18:31:16 2020...
