
*** Running vivado
    with args -log design_1_stretcher_0_0.vds -m64 -product Vivado -mode batch -messageDb vivado.pb -notrace -source design_1_stretcher_0_0.tcl


****** Vivado v2019.1 (64-bit)
  **** SW Build 2552052 on Fri May 24 14:47:09 MDT 2019
  **** IP Build 2548770 on Fri May 24 18:01:18 MDT 2019
    ** Copyright 1986-2019 Xilinx, Inc. All Rights Reserved.

source design_1_stretcher_0_0.tcl -notrace
Command: synth_design -top design_1_stretcher_0_0 -part xc7z020clg400-1 -mode out_of_context
Starting synth_design
WARNING: [IP_Flow 19-3571] IP 'design_1_stretcher_0_0' is restricted:
* Module reference is stale and needs refreshing.
Attempting to get a license for feature 'Synthesis' and/or device 'xc7z020'
INFO: [Common 17-349] Got license for feature 'Synthesis' and/or device 'xc7z020'
INFO: [Device 21-403] Loading part xc7z020clg400-1
INFO: Launching helper process for spawning children vivado processes
INFO: Helper process launched with PID 22457 
---------------------------------------------------------------------------------
Starting RTL Elaboration : Time (s): cpu = 00:00:05 ; elapsed = 00:00:07 . Memory (MB): peak = 1690.453 ; gain = 152.715 ; free physical = 259 ; free virtual = 1277
---------------------------------------------------------------------------------
INFO: [Synth 8-638] synthesizing module 'design_1_stretcher_0_0' [/home/pslavkin/mse_3_21sdc/tp/tp.srcs/sources_1/bd/design_1/ip/design_1_stretcher_0_0/synth/design_1_stretcher_0_0.vhd:71]
INFO: [Synth 8-3491] module 'stretcher' declared at '/home/pslavkin/mse_3_21sdc/tp/tp.srcs/sources_1/new/stretcher.vhd:7' bound to instance 'U0' of component 'stretcher' [/home/pslavkin/mse_3_21sdc/tp/tp.srcs/sources_1/bd/design_1/ip/design_1_stretcher_0_0/synth/design_1_stretcher_0_0.vhd:113]
INFO: [Synth 8-638] synthesizing module 'stretcher' [/home/pslavkin/mse_3_21sdc/tp/tp.srcs/sources_1/new/stretcher.vhd:23]
WARNING: [Synth 8-3848] Net m_axis_tlast in module/entity stretcher does not have driver. [/home/pslavkin/mse_3_21sdc/tp/tp.srcs/sources_1/new/stretcher.vhd:11]
INFO: [Synth 8-256] done synthesizing module 'stretcher' (1#1) [/home/pslavkin/mse_3_21sdc/tp/tp.srcs/sources_1/new/stretcher.vhd:23]
INFO: [Synth 8-256] done synthesizing module 'design_1_stretcher_0_0' (2#1) [/home/pslavkin/mse_3_21sdc/tp/tp.srcs/sources_1/bd/design_1/ip/design_1_stretcher_0_0/synth/design_1_stretcher_0_0.vhd:71]
WARNING: [Synth 8-3331] design stretcher has unconnected port m_axis_tlast
WARNING: [Synth 8-3331] design stretcher has unconnected port s_axis_tlast
---------------------------------------------------------------------------------
Finished RTL Elaboration : Time (s): cpu = 00:00:07 ; elapsed = 00:00:09 . Memory (MB): peak = 1748.172 ; gain = 210.434 ; free physical = 314 ; free virtual = 1332
---------------------------------------------------------------------------------

Report Check Netlist: 
+------+------------------+-------+---------+-------+------------------+
|      |Item              |Errors |Warnings |Status |Description       |
+------+------------------+-------+---------+-------+------------------+
|1     |multi_driven_nets |      0|        0|Passed |Multi driven nets |
+------+------------------+-------+---------+-------+------------------+
---------------------------------------------------------------------------------
Start Handling Custom Attributes
---------------------------------------------------------------------------------
---------------------------------------------------------------------------------
Finished Handling Custom Attributes : Time (s): cpu = 00:00:07 ; elapsed = 00:00:10 . Memory (MB): peak = 1751.141 ; gain = 213.402 ; free physical = 305 ; free virtual = 1327
---------------------------------------------------------------------------------
---------------------------------------------------------------------------------
Finished RTL Optimization Phase 1 : Time (s): cpu = 00:00:07 ; elapsed = 00:00:10 . Memory (MB): peak = 1751.141 ; gain = 213.402 ; free physical = 305 ; free virtual = 1327
---------------------------------------------------------------------------------
INFO: [Project 1-570] Preparing netlist for logic optimization

Processing XDC Constraints
Initializing timing engine
Completed Processing XDC Constraints

Netlist sorting complete. Time (s): cpu = 00:00:00 ; elapsed = 00:00:00 . Memory (MB): peak = 1878.844 ; gain = 0.000 ; free physical = 129 ; free virtual = 1158
INFO: [Project 1-111] Unisim Transformation Summary:
No Unisim elements were transformed.

WARNING: [Constraints 18-5210] No constraints selected for write.
Resolution: This message can indicate that there are no constraints for the design, or it can indicate that the used_in flags are set such that the constraints are ignored. This later case is used when running synth_design to not write synthesis constraints to the resulting checkpoint. Instead, project constraints are read when the synthesized design is opened.
Constraint Validation Runtime : Time (s): cpu = 00:00:00.08 ; elapsed = 00:00:00.14 . Memory (MB): peak = 1878.844 ; gain = 0.000 ; free physical = 122 ; free virtual = 1152
---------------------------------------------------------------------------------
Finished Constraint Validation : Time (s): cpu = 00:00:13 ; elapsed = 00:00:17 . Memory (MB): peak = 1878.844 ; gain = 341.105 ; free physical = 216 ; free virtual = 1251
---------------------------------------------------------------------------------
---------------------------------------------------------------------------------
Start Loading Part and Timing Information
---------------------------------------------------------------------------------
Loading part: xc7z020clg400-1
---------------------------------------------------------------------------------
Finished Loading Part and Timing Information : Time (s): cpu = 00:00:13 ; elapsed = 00:00:17 . Memory (MB): peak = 1878.844 ; gain = 341.105 ; free physical = 215 ; free virtual = 1249
---------------------------------------------------------------------------------
---------------------------------------------------------------------------------
Start Applying 'set_property' XDC Constraints
---------------------------------------------------------------------------------
---------------------------------------------------------------------------------
Finished applying 'set_property' XDC Constraints : Time (s): cpu = 00:00:13 ; elapsed = 00:00:17 . Memory (MB): peak = 1878.844 ; gain = 341.105 ; free physical = 214 ; free virtual = 1249
---------------------------------------------------------------------------------
---------------------------------------------------------------------------------
Finished RTL Optimization Phase 2 : Time (s): cpu = 00:00:13 ; elapsed = 00:00:17 . Memory (MB): peak = 1878.844 ; gain = 341.105 ; free physical = 205 ; free virtual = 1240
---------------------------------------------------------------------------------

Report RTL Partitions: 
+-+--------------+------------+----------+
| |RTL Partition |Replication |Instances |
+-+--------------+------------+----------+
+-+--------------+------------+----------+
---------------------------------------------------------------------------------
Start RTL Component Statistics 
---------------------------------------------------------------------------------
Detailed RTL Component Info : 
+---Adders : 
	   2 Input      4 Bit       Adders := 1     
+---Registers : 
	                8 Bit    Registers := 1     
	                4 Bit    Registers := 1     
	                1 Bit    Registers := 3     
+---Muxes : 
	   2 Input      1 Bit        Muxes := 8     
---------------------------------------------------------------------------------
Finished RTL Component Statistics 
---------------------------------------------------------------------------------
---------------------------------------------------------------------------------
Start RTL Hierarchical Component Statistics 
---------------------------------------------------------------------------------
Hierarchical RTL Component report 
Module stretcher 
Detailed RTL Component Info : 
+---Adders : 
	   2 Input      4 Bit       Adders := 1     
+---Registers : 
	                8 Bit    Registers := 1     
	                4 Bit    Registers := 1     
	                1 Bit    Registers := 3     
+---Muxes : 
	   2 Input      1 Bit        Muxes := 8     
---------------------------------------------------------------------------------
Finished RTL Hierarchical Component Statistics
---------------------------------------------------------------------------------
---------------------------------------------------------------------------------
Start Part Resource Summary
---------------------------------------------------------------------------------
Part Resources:
DSPs: 220 (col length:60)
BRAMs: 280 (col length: RAMB18 60 RAMB36 30)
---------------------------------------------------------------------------------
Finished Part Resource Summary
---------------------------------------------------------------------------------
---------------------------------------------------------------------------------
Start Cross Boundary and Area Optimization
---------------------------------------------------------------------------------
Warning: Parallel synthesis criteria is not met 
WARNING: [Synth 8-3331] design design_1_stretcher_0_0 has unconnected port m_axis_tlast
WARNING: [Synth 8-3331] design design_1_stretcher_0_0 has unconnected port s_axis_tlast
INFO: [Synth 8-3333] propagating constant 0 across sequential element (\U0/m_axis_tdata_reg[1] )
INFO: [Synth 8-3333] propagating constant 0 across sequential element (\U0/m_axis_tdata_reg[2] )
INFO: [Synth 8-3333] propagating constant 0 across sequential element (\U0/m_axis_tdata_reg[3] )
INFO: [Synth 8-3333] propagating constant 0 across sequential element (\U0/m_axis_tdata_reg[4] )
INFO: [Synth 8-3333] propagating constant 0 across sequential element (\U0/m_axis_tdata_reg[5] )
INFO: [Synth 8-3333] propagating constant 0 across sequential element (\U0/m_axis_tdata_reg[6] )
INFO: [Synth 8-3333] propagating constant 0 across sequential element (\U0/m_axis_tdata_reg[7] )
---------------------------------------------------------------------------------
Finished Cross Boundary and Area Optimization : Time (s): cpu = 00:00:14 ; elapsed = 00:00:18 . Memory (MB): peak = 1878.844 ; gain = 341.105 ; free physical = 221 ; free virtual = 1261
---------------------------------------------------------------------------------

Report RTL Partitions: 
+-+--------------+------------+----------+
| |RTL Partition |Replication |Instances |
+-+--------------+------------+----------+
+-+--------------+------------+----------+
---------------------------------------------------------------------------------
Start Applying XDC Timing Constraints
---------------------------------------------------------------------------------
---------------------------------------------------------------------------------
Finished Applying XDC Timing Constraints : Time (s): cpu = 00:00:21 ; elapsed = 00:00:25 . Memory (MB): peak = 1878.844 ; gain = 341.105 ; free physical = 110 ; free virtual = 1060
---------------------------------------------------------------------------------
---------------------------------------------------------------------------------
Start Timing Optimization
---------------------------------------------------------------------------------
---------------------------------------------------------------------------------
Finished Timing Optimization : Time (s): cpu = 00:00:21 ; elapsed = 00:00:25 . Memory (MB): peak = 1878.844 ; gain = 341.105 ; free physical = 110 ; free virtual = 1060
---------------------------------------------------------------------------------

Report RTL Partitions: 
+-+--------------+------------+----------+
| |RTL Partition |Replication |Instances |
+-+--------------+------------+----------+
+-+--------------+------------+----------+
---------------------------------------------------------------------------------
Start Technology Mapping
---------------------------------------------------------------------------------
---------------------------------------------------------------------------------
Finished Technology Mapping : Time (s): cpu = 00:00:21 ; elapsed = 00:00:25 . Memory (MB): peak = 1878.844 ; gain = 341.105 ; free physical = 119 ; free virtual = 1059
---------------------------------------------------------------------------------

Report RTL Partitions: 
+-+--------------+------------+----------+
| |RTL Partition |Replication |Instances |
+-+--------------+------------+----------+
+-+--------------+------------+----------+
---------------------------------------------------------------------------------
Start IO Insertion
---------------------------------------------------------------------------------
---------------------------------------------------------------------------------
Start Flattening Before IO Insertion
---------------------------------------------------------------------------------
---------------------------------------------------------------------------------
Finished Flattening Before IO Insertion
---------------------------------------------------------------------------------
---------------------------------------------------------------------------------
Start Final Netlist Cleanup
---------------------------------------------------------------------------------
---------------------------------------------------------------------------------
Finished Final Netlist Cleanup
---------------------------------------------------------------------------------
---------------------------------------------------------------------------------
Finished IO Insertion : Time (s): cpu = 00:00:23 ; elapsed = 00:00:27 . Memory (MB): peak = 1878.844 ; gain = 341.105 ; free physical = 133 ; free virtual = 1000
---------------------------------------------------------------------------------

Report Check Netlist: 
+------+------------------+-------+---------+-------+------------------+
|      |Item              |Errors |Warnings |Status |Description       |
+------+------------------+-------+---------+-------+------------------+
|1     |multi_driven_nets |      0|        0|Passed |Multi driven nets |
+------+------------------+-------+---------+-------+------------------+
---------------------------------------------------------------------------------
Start Renaming Generated Instances
---------------------------------------------------------------------------------
---------------------------------------------------------------------------------
Finished Renaming Generated Instances : Time (s): cpu = 00:00:23 ; elapsed = 00:00:27 . Memory (MB): peak = 1878.844 ; gain = 341.105 ; free physical = 133 ; free virtual = 1000
---------------------------------------------------------------------------------

Report RTL Partitions: 
+-+--------------+------------+----------+
| |RTL Partition |Replication |Instances |
+-+--------------+------------+----------+
+-+--------------+------------+----------+
---------------------------------------------------------------------------------
Start Rebuilding User Hierarchy
---------------------------------------------------------------------------------
---------------------------------------------------------------------------------
Finished Rebuilding User Hierarchy : Time (s): cpu = 00:00:23 ; elapsed = 00:00:27 . Memory (MB): peak = 1878.844 ; gain = 341.105 ; free physical = 133 ; free virtual = 1000
---------------------------------------------------------------------------------
---------------------------------------------------------------------------------
Start Renaming Generated Ports
---------------------------------------------------------------------------------
---------------------------------------------------------------------------------
Finished Renaming Generated Ports : Time (s): cpu = 00:00:23 ; elapsed = 00:00:27 . Memory (MB): peak = 1878.844 ; gain = 341.105 ; free physical = 133 ; free virtual = 1000
---------------------------------------------------------------------------------
---------------------------------------------------------------------------------
Start Handling Custom Attributes
---------------------------------------------------------------------------------
---------------------------------------------------------------------------------
Finished Handling Custom Attributes : Time (s): cpu = 00:00:23 ; elapsed = 00:00:27 . Memory (MB): peak = 1878.844 ; gain = 341.105 ; free physical = 133 ; free virtual = 1000
---------------------------------------------------------------------------------
---------------------------------------------------------------------------------
Start Renaming Generated Nets
---------------------------------------------------------------------------------
---------------------------------------------------------------------------------
Finished Renaming Generated Nets : Time (s): cpu = 00:00:23 ; elapsed = 00:00:27 . Memory (MB): peak = 1878.844 ; gain = 341.105 ; free physical = 133 ; free virtual = 1000
---------------------------------------------------------------------------------
---------------------------------------------------------------------------------
Start Writing Synthesis Report
---------------------------------------------------------------------------------

Report BlackBoxes: 
+-+--------------+----------+
| |BlackBox name |Instances |
+-+--------------+----------+
+-+--------------+----------+

Report Cell Usage: 
+------+-----+------+
|      |Cell |Count |
+------+-----+------+
|1     |LUT1 |     1|
|2     |LUT2 |     1|
|3     |LUT3 |     4|
|4     |LUT4 |     2|
|5     |LUT5 |     2|
|6     |LUT6 |     3|
|7     |FDRE |     8|
+------+-----+------+

Report Instance Areas: 
+------+---------+----------+------+
|      |Instance |Module    |Cells |
+------+---------+----------+------+
|1     |top      |          |    21|
|2     |  U0     |stretcher |    21|
+------+---------+----------+------+
---------------------------------------------------------------------------------
Finished Writing Synthesis Report : Time (s): cpu = 00:00:23 ; elapsed = 00:00:27 . Memory (MB): peak = 1878.844 ; gain = 341.105 ; free physical = 133 ; free virtual = 1000
---------------------------------------------------------------------------------
Synthesis finished with 0 errors, 0 critical warnings and 2 warnings.
Synthesis Optimization Runtime : Time (s): cpu = 00:00:21 ; elapsed = 00:00:25 . Memory (MB): peak = 1878.844 ; gain = 213.402 ; free physical = 190 ; free virtual = 1057
Synthesis Optimization Complete : Time (s): cpu = 00:00:23 ; elapsed = 00:00:27 . Memory (MB): peak = 1878.852 ; gain = 341.105 ; free physical = 190 ; free virtual = 1057
INFO: [Project 1-571] Translating synthesized netlist
INFO: [Project 1-570] Preparing netlist for logic optimization
INFO: [Opt 31-138] Pushed 0 inverter(s) to 0 load pin(s).
Netlist sorting complete. Time (s): cpu = 00:00:00 ; elapsed = 00:00:00 . Memory (MB): peak = 1884.781 ; gain = 0.000 ; free physical = 190 ; free virtual = 1059
INFO: [Project 1-111] Unisim Transformation Summary:
No Unisim elements were transformed.

INFO: [Common 17-83] Releasing license: Synthesis
21 Infos, 7 Warnings, 0 Critical Warnings and 0 Errors encountered.
synth_design completed successfully
synth_design: Time (s): cpu = 00:00:30 ; elapsed = 00:00:34 . Memory (MB): peak = 1884.781 ; gain = 560.641 ; free physical = 285 ; free virtual = 1153
Netlist sorting complete. Time (s): cpu = 00:00:00 ; elapsed = 00:00:00 . Memory (MB): peak = 1884.781 ; gain = 0.000 ; free physical = 285 ; free virtual = 1153
WARNING: [Constraints 18-5210] No constraints selected for write.
Resolution: This message can indicate that there are no constraints for the design, or it can indicate that the used_in flags are set such that the constraints are ignored. This later case is used when running synth_design to not write synthesis constraints to the resulting checkpoint. Instead, project constraints are read when the synthesized design is opened.
INFO: [Common 17-1381] The checkpoint '/home/pslavkin/mse_3_21sdc/tp/tp.runs/design_1_stretcher_0_0_synth_1/design_1_stretcher_0_0.dcp' has been generated.
WARNING: [Common 17-576] 'use_project_ipc' is deprecated. This option is deprecated and no longer used.
Netlist sorting complete. Time (s): cpu = 00:00:00 ; elapsed = 00:00:00 . Memory (MB): peak = 1908.793 ; gain = 0.000 ; free physical = 248 ; free virtual = 1118
WARNING: [Constraints 18-5210] No constraints selected for write.
Resolution: This message can indicate that there are no constraints for the design, or it can indicate that the used_in flags are set such that the constraints are ignored. This later case is used when running synth_design to not write synthesis constraints to the resulting checkpoint. Instead, project constraints are read when the synthesized design is opened.
INFO: [Common 17-1381] The checkpoint '/home/pslavkin/mse_3_21sdc/tp/tp.runs/design_1_stretcher_0_0_synth_1/design_1_stretcher_0_0.dcp' has been generated.
INFO: [runtcl-4] Executing : report_utilization -file design_1_stretcher_0_0_utilization_synth.rpt -pb design_1_stretcher_0_0_utilization_synth.pb
INFO: [Common 17-206] Exiting Vivado at Thu Jan  2 17:14:55 2020...
