
*** Running vivado
    with args -log design_1_join_8to1_0_0.vds -m64 -product Vivado -mode batch -messageDb vivado.pb -notrace -source design_1_join_8to1_0_0.tcl


****** Vivado v2019.1 (64-bit)
  **** SW Build 2552052 on Fri May 24 14:47:09 MDT 2019
  **** IP Build 2548770 on Fri May 24 18:01:18 MDT 2019
    ** Copyright 1986-2019 Xilinx, Inc. All Rights Reserved.

source design_1_join_8to1_0_0.tcl -notrace
Command: synth_design -top design_1_join_8to1_0_0 -part xc7z020clg400-1 -mode out_of_context
Starting synth_design
WARNING: [IP_Flow 19-3571] IP 'design_1_join_8to1_0_0' is restricted:
* Module reference is stale and needs refreshing.
Attempting to get a license for feature 'Synthesis' and/or device 'xc7z020'
INFO: [Common 17-349] Got license for feature 'Synthesis' and/or device 'xc7z020'
INFO: [Device 21-403] Loading part xc7z020clg400-1
INFO: Launching helper process for spawning children vivado processes
INFO: Helper process launched with PID 8043 
---------------------------------------------------------------------------------
Starting RTL Elaboration : Time (s): cpu = 00:00:04 ; elapsed = 00:00:05 . Memory (MB): peak = 1674.855 ; gain = 154.715 ; free physical = 107 ; free virtual = 969
---------------------------------------------------------------------------------
INFO: [Synth 8-638] synthesizing module 'design_1_join_8to1_0_0' [/home/pslavkin/mse_3_21sdc/tp/tp.srcs/sources_1/bd/design_1/ip/design_1_join_8to1_0_0/synth/design_1_join_8to1_0_0.vhd:71]
INFO: [Synth 8-3491] module 'join_8to1' declared at '/home/pslavkin/mse_3_21sdc/tp/tp.srcs/sources_1/new/join_8to1.vhd:6' bound to instance 'U0' of component 'join_8to1' [/home/pslavkin/mse_3_21sdc/tp/tp.srcs/sources_1/bd/design_1/ip/design_1_join_8to1_0_0/synth/design_1_join_8to1_0_0.vhd:114]
INFO: [Synth 8-638] synthesizing module 'join_8to1' [/home/pslavkin/mse_3_21sdc/tp/tp.srcs/sources_1/new/join_8to1.vhd:22]
WARNING: [Synth 8-3848] Net m_axis_tlast in module/entity join_8to1 does not have driver. [/home/pslavkin/mse_3_21sdc/tp/tp.srcs/sources_1/new/join_8to1.vhd:10]
INFO: [Synth 8-256] done synthesizing module 'join_8to1' (1#1) [/home/pslavkin/mse_3_21sdc/tp/tp.srcs/sources_1/new/join_8to1.vhd:22]
INFO: [Synth 8-256] done synthesizing module 'design_1_join_8to1_0_0' (2#1) [/home/pslavkin/mse_3_21sdc/tp/tp.srcs/sources_1/bd/design_1/ip/design_1_join_8to1_0_0/synth/design_1_join_8to1_0_0.vhd:71]
WARNING: [Synth 8-3331] design join_8to1 has unconnected port m_axis_tlast
WARNING: [Synth 8-3331] design join_8to1 has unconnected port s_axis_tdata[7]
WARNING: [Synth 8-3331] design join_8to1 has unconnected port s_axis_tdata[6]
WARNING: [Synth 8-3331] design join_8to1 has unconnected port s_axis_tdata[5]
WARNING: [Synth 8-3331] design join_8to1 has unconnected port s_axis_tdata[4]
WARNING: [Synth 8-3331] design join_8to1 has unconnected port s_axis_tdata[3]
WARNING: [Synth 8-3331] design join_8to1 has unconnected port s_axis_tdata[2]
WARNING: [Synth 8-3331] design join_8to1 has unconnected port s_axis_tdata[1]
WARNING: [Synth 8-3331] design join_8to1 has unconnected port s_axis_tlast
---------------------------------------------------------------------------------
Finished RTL Elaboration : Time (s): cpu = 00:00:05 ; elapsed = 00:00:07 . Memory (MB): peak = 1732.574 ; gain = 212.434 ; free physical = 289 ; free virtual = 1020
---------------------------------------------------------------------------------

Report Check Netlist: 
+------+------------------+-------+---------+-------+------------------+
|      |Item              |Errors |Warnings |Status |Description       |
+------+------------------+-------+---------+-------+------------------+
|1     |multi_driven_nets |      0|        0|Passed |Multi driven nets |
+------+------------------+-------+---------+-------+------------------+
---------------------------------------------------------------------------------
Start Handling Custom Attributes
---------------------------------------------------------------------------------
---------------------------------------------------------------------------------
Finished Handling Custom Attributes : Time (s): cpu = 00:00:06 ; elapsed = 00:00:07 . Memory (MB): peak = 1735.543 ; gain = 215.402 ; free physical = 279 ; free virtual = 1013
---------------------------------------------------------------------------------
---------------------------------------------------------------------------------
Finished RTL Optimization Phase 1 : Time (s): cpu = 00:00:06 ; elapsed = 00:00:07 . Memory (MB): peak = 1735.543 ; gain = 215.402 ; free physical = 279 ; free virtual = 1013
---------------------------------------------------------------------------------
INFO: [Project 1-570] Preparing netlist for logic optimization

Processing XDC Constraints
Initializing timing engine
Completed Processing XDC Constraints

Netlist sorting complete. Time (s): cpu = 00:00:00 ; elapsed = 00:00:00 . Memory (MB): peak = 1855.246 ; gain = 0.000 ; free physical = 114 ; free virtual = 847
INFO: [Project 1-111] Unisim Transformation Summary:
No Unisim elements were transformed.

WARNING: [Constraints 18-5210] No constraints selected for write.
Resolution: This message can indicate that there are no constraints for the design, or it can indicate that the used_in flags are set such that the constraints are ignored. This later case is used when running synth_design to not write synthesis constraints to the resulting checkpoint. Instead, project constraints are read when the synthesized design is opened.
Constraint Validation Runtime : Time (s): cpu = 00:00:00.07 ; elapsed = 00:00:00.15 . Memory (MB): peak = 1855.246 ; gain = 0.000 ; free physical = 122 ; free virtual = 838
---------------------------------------------------------------------------------
Finished Constraint Validation : Time (s): cpu = 00:00:11 ; elapsed = 00:00:14 . Memory (MB): peak = 1855.246 ; gain = 335.105 ; free physical = 253 ; free virtual = 970
---------------------------------------------------------------------------------
---------------------------------------------------------------------------------
Start Loading Part and Timing Information
---------------------------------------------------------------------------------
Loading part: xc7z020clg400-1
---------------------------------------------------------------------------------
Finished Loading Part and Timing Information : Time (s): cpu = 00:00:11 ; elapsed = 00:00:14 . Memory (MB): peak = 1855.246 ; gain = 335.105 ; free physical = 253 ; free virtual = 971
---------------------------------------------------------------------------------
---------------------------------------------------------------------------------
Start Applying 'set_property' XDC Constraints
---------------------------------------------------------------------------------
---------------------------------------------------------------------------------
Finished applying 'set_property' XDC Constraints : Time (s): cpu = 00:00:11 ; elapsed = 00:00:14 . Memory (MB): peak = 1855.246 ; gain = 335.105 ; free physical = 252 ; free virtual = 970
---------------------------------------------------------------------------------
INFO: [Synth 8-4471] merging register 'm_axis_tvalid_reg' into 'state_reg' [/home/pslavkin/mse_3_21sdc/tp/tp.srcs/sources_1/new/join_8to1.vhd:34]
---------------------------------------------------------------------------------
Finished RTL Optimization Phase 2 : Time (s): cpu = 00:00:12 ; elapsed = 00:00:14 . Memory (MB): peak = 1855.246 ; gain = 335.105 ; free physical = 235 ; free virtual = 956
---------------------------------------------------------------------------------

Report RTL Partitions: 
+-+--------------+------------+----------+
| |RTL Partition |Replication |Instances |
+-+--------------+------------+----------+
+-+--------------+------------+----------+
---------------------------------------------------------------------------------
Start RTL Component Statistics 
---------------------------------------------------------------------------------
Detailed RTL Component Info : 
+---Adders : 
	   2 Input      4 Bit       Adders := 2     
+---Registers : 
	                8 Bit    Registers := 1     
	                4 Bit    Registers := 1     
	                1 Bit    Registers := 2     
+---Muxes : 
	   2 Input      8 Bit        Muxes := 2     
	   2 Input      1 Bit        Muxes := 6     
---------------------------------------------------------------------------------
Finished RTL Component Statistics 
---------------------------------------------------------------------------------
---------------------------------------------------------------------------------
Start RTL Hierarchical Component Statistics 
---------------------------------------------------------------------------------
Hierarchical RTL Component report 
Module join_8to1 
Detailed RTL Component Info : 
+---Adders : 
	   2 Input      4 Bit       Adders := 2     
+---Registers : 
	                8 Bit    Registers := 1     
	                4 Bit    Registers := 1     
	                1 Bit    Registers := 2     
+---Muxes : 
	   2 Input      8 Bit        Muxes := 2     
	   2 Input      1 Bit        Muxes := 6     
---------------------------------------------------------------------------------
Finished RTL Hierarchical Component Statistics
---------------------------------------------------------------------------------
---------------------------------------------------------------------------------
Start Part Resource Summary
---------------------------------------------------------------------------------
Part Resources:
DSPs: 220 (col length:60)
BRAMs: 280 (col length: RAMB18 60 RAMB36 30)
---------------------------------------------------------------------------------
Finished Part Resource Summary
---------------------------------------------------------------------------------
---------------------------------------------------------------------------------
Start Cross Boundary and Area Optimization
---------------------------------------------------------------------------------
Warning: Parallel synthesis criteria is not met 
WARNING: [Synth 8-3331] design design_1_join_8to1_0_0 has unconnected port m_axis_tlast
WARNING: [Synth 8-3331] design design_1_join_8to1_0_0 has unconnected port s_axis_tdata[7]
WARNING: [Synth 8-3331] design design_1_join_8to1_0_0 has unconnected port s_axis_tdata[6]
WARNING: [Synth 8-3331] design design_1_join_8to1_0_0 has unconnected port s_axis_tdata[5]
WARNING: [Synth 8-3331] design design_1_join_8to1_0_0 has unconnected port s_axis_tdata[4]
WARNING: [Synth 8-3331] design design_1_join_8to1_0_0 has unconnected port s_axis_tdata[3]
WARNING: [Synth 8-3331] design design_1_join_8to1_0_0 has unconnected port s_axis_tdata[2]
WARNING: [Synth 8-3331] design design_1_join_8to1_0_0 has unconnected port s_axis_tdata[1]
WARNING: [Synth 8-3331] design design_1_join_8to1_0_0 has unconnected port s_axis_tlast
---------------------------------------------------------------------------------
Finished Cross Boundary and Area Optimization : Time (s): cpu = 00:00:12 ; elapsed = 00:00:15 . Memory (MB): peak = 1855.246 ; gain = 335.105 ; free physical = 204 ; free virtual = 933
---------------------------------------------------------------------------------

Report RTL Partitions: 
+-+--------------+------------+----------+
| |RTL Partition |Replication |Instances |
+-+--------------+------------+----------+
+-+--------------+------------+----------+
---------------------------------------------------------------------------------
Start Applying XDC Timing Constraints
---------------------------------------------------------------------------------
---------------------------------------------------------------------------------
Finished Applying XDC Timing Constraints : Time (s): cpu = 00:00:20 ; elapsed = 00:00:22 . Memory (MB): peak = 1855.246 ; gain = 335.105 ; free physical = 113 ; free virtual = 673
---------------------------------------------------------------------------------
---------------------------------------------------------------------------------
Start Timing Optimization
---------------------------------------------------------------------------------
---------------------------------------------------------------------------------
Finished Timing Optimization : Time (s): cpu = 00:00:20 ; elapsed = 00:00:22 . Memory (MB): peak = 1855.246 ; gain = 335.105 ; free physical = 119 ; free virtual = 679
---------------------------------------------------------------------------------

Report RTL Partitions: 
+-+--------------+------------+----------+
| |RTL Partition |Replication |Instances |
+-+--------------+------------+----------+
+-+--------------+------------+----------+
---------------------------------------------------------------------------------
Start Technology Mapping
---------------------------------------------------------------------------------
---------------------------------------------------------------------------------
Finished Technology Mapping : Time (s): cpu = 00:00:20 ; elapsed = 00:00:23 . Memory (MB): peak = 1855.246 ; gain = 335.105 ; free physical = 121 ; free virtual = 677
---------------------------------------------------------------------------------

Report RTL Partitions: 
+-+--------------+------------+----------+
| |RTL Partition |Replication |Instances |
+-+--------------+------------+----------+
+-+--------------+------------+----------+
---------------------------------------------------------------------------------
Start IO Insertion
---------------------------------------------------------------------------------
---------------------------------------------------------------------------------
Start Flattening Before IO Insertion
---------------------------------------------------------------------------------
---------------------------------------------------------------------------------
Finished Flattening Before IO Insertion
---------------------------------------------------------------------------------
---------------------------------------------------------------------------------
Start Final Netlist Cleanup
---------------------------------------------------------------------------------
---------------------------------------------------------------------------------
Finished Final Netlist Cleanup
---------------------------------------------------------------------------------
---------------------------------------------------------------------------------
Finished IO Insertion : Time (s): cpu = 00:00:21 ; elapsed = 00:00:24 . Memory (MB): peak = 1855.246 ; gain = 335.105 ; free physical = 114 ; free virtual = 679
---------------------------------------------------------------------------------

Report Check Netlist: 
+------+------------------+-------+---------+-------+------------------+
|      |Item              |Errors |Warnings |Status |Description       |
+------+------------------+-------+---------+-------+------------------+
|1     |multi_driven_nets |      0|        0|Passed |Multi driven nets |
+------+------------------+-------+---------+-------+------------------+
---------------------------------------------------------------------------------
Start Renaming Generated Instances
---------------------------------------------------------------------------------
---------------------------------------------------------------------------------
Finished Renaming Generated Instances : Time (s): cpu = 00:00:21 ; elapsed = 00:00:24 . Memory (MB): peak = 1855.246 ; gain = 335.105 ; free physical = 114 ; free virtual = 679
---------------------------------------------------------------------------------

Report RTL Partitions: 
+-+--------------+------------+----------+
| |RTL Partition |Replication |Instances |
+-+--------------+------------+----------+
+-+--------------+------------+----------+
---------------------------------------------------------------------------------
Start Rebuilding User Hierarchy
---------------------------------------------------------------------------------
---------------------------------------------------------------------------------
Finished Rebuilding User Hierarchy : Time (s): cpu = 00:00:21 ; elapsed = 00:00:24 . Memory (MB): peak = 1855.246 ; gain = 335.105 ; free physical = 114 ; free virtual = 679
---------------------------------------------------------------------------------
---------------------------------------------------------------------------------
Start Renaming Generated Ports
---------------------------------------------------------------------------------
---------------------------------------------------------------------------------
Finished Renaming Generated Ports : Time (s): cpu = 00:00:21 ; elapsed = 00:00:24 . Memory (MB): peak = 1855.246 ; gain = 335.105 ; free physical = 114 ; free virtual = 679
---------------------------------------------------------------------------------
---------------------------------------------------------------------------------
Start Handling Custom Attributes
---------------------------------------------------------------------------------
---------------------------------------------------------------------------------
Finished Handling Custom Attributes : Time (s): cpu = 00:00:21 ; elapsed = 00:00:24 . Memory (MB): peak = 1855.246 ; gain = 335.105 ; free physical = 114 ; free virtual = 679
---------------------------------------------------------------------------------
---------------------------------------------------------------------------------
Start Renaming Generated Nets
---------------------------------------------------------------------------------
---------------------------------------------------------------------------------
Finished Renaming Generated Nets : Time (s): cpu = 00:00:21 ; elapsed = 00:00:24 . Memory (MB): peak = 1855.246 ; gain = 335.105 ; free physical = 114 ; free virtual = 679
---------------------------------------------------------------------------------
---------------------------------------------------------------------------------
Start Writing Synthesis Report
---------------------------------------------------------------------------------

Report BlackBoxes: 
+-+--------------+----------+
| |BlackBox name |Instances |
+-+--------------+----------+
+-+--------------+----------+

Report Cell Usage: 
+------+-----+------+
|      |Cell |Count |
+------+-----+------+
|1     |LUT1 |     2|
|2     |LUT2 |     8|
|3     |LUT3 |     2|
|4     |LUT4 |     3|
|5     |LUT5 |     1|
|6     |LUT6 |     8|
|7     |FDRE |    13|
|8     |FDSE |     1|
+------+-----+------+

Report Instance Areas: 
+------+---------+----------+------+
|      |Instance |Module    |Cells |
+------+---------+----------+------+
|1     |top      |          |    38|
|2     |  U0     |join_8to1 |    38|
+------+---------+----------+------+
---------------------------------------------------------------------------------
Finished Writing Synthesis Report : Time (s): cpu = 00:00:21 ; elapsed = 00:00:24 . Memory (MB): peak = 1855.246 ; gain = 335.105 ; free physical = 114 ; free virtual = 679
---------------------------------------------------------------------------------
Synthesis finished with 0 errors, 0 critical warnings and 9 warnings.
Synthesis Optimization Runtime : Time (s): cpu = 00:00:20 ; elapsed = 00:00:22 . Memory (MB): peak = 1855.246 ; gain = 215.402 ; free physical = 227 ; free virtual = 793
Synthesis Optimization Complete : Time (s): cpu = 00:00:22 ; elapsed = 00:00:25 . Memory (MB): peak = 1855.254 ; gain = 335.105 ; free physical = 226 ; free virtual = 794
INFO: [Project 1-571] Translating synthesized netlist
INFO: [Project 1-570] Preparing netlist for logic optimization
INFO: [Opt 31-138] Pushed 0 inverter(s) to 0 load pin(s).
Netlist sorting complete. Time (s): cpu = 00:00:00 ; elapsed = 00:00:00 . Memory (MB): peak = 1867.152 ; gain = 0.000 ; free physical = 104 ; free virtual = 683
INFO: [Project 1-111] Unisim Transformation Summary:
No Unisim elements were transformed.

INFO: [Common 17-83] Releasing license: Synthesis
15 Infos, 21 Warnings, 0 Critical Warnings and 0 Errors encountered.
synth_design completed successfully
synth_design: Time (s): cpu = 00:00:28 ; elapsed = 00:00:30 . Memory (MB): peak = 1867.152 ; gain = 505.492 ; free physical = 298 ; free virtual = 878
Netlist sorting complete. Time (s): cpu = 00:00:00 ; elapsed = 00:00:00 . Memory (MB): peak = 1867.152 ; gain = 0.000 ; free physical = 298 ; free virtual = 879
WARNING: [Constraints 18-5210] No constraints selected for write.
Resolution: This message can indicate that there are no constraints for the design, or it can indicate that the used_in flags are set such that the constraints are ignored. This later case is used when running synth_design to not write synthesis constraints to the resulting checkpoint. Instead, project constraints are read when the synthesized design is opened.
INFO: [Common 17-1381] The checkpoint '/home/pslavkin/mse_3_21sdc/tp/tp.runs/design_1_join_8to1_0_0_synth_1/design_1_join_8to1_0_0.dcp' has been generated.
WARNING: [Common 17-576] 'use_project_ipc' is deprecated. This option is deprecated and no longer used.
Netlist sorting complete. Time (s): cpu = 00:00:00 ; elapsed = 00:00:00 . Memory (MB): peak = 1891.164 ; gain = 0.000 ; free physical = 282 ; free virtual = 879
WARNING: [Constraints 18-5210] No constraints selected for write.
Resolution: This message can indicate that there are no constraints for the design, or it can indicate that the used_in flags are set such that the constraints are ignored. This later case is used when running synth_design to not write synthesis constraints to the resulting checkpoint. Instead, project constraints are read when the synthesized design is opened.
INFO: [Common 17-1381] The checkpoint '/home/pslavkin/mse_3_21sdc/tp/tp.runs/design_1_join_8to1_0_0_synth_1/design_1_join_8to1_0_0.dcp' has been generated.
INFO: [runtcl-4] Executing : report_utilization -file design_1_join_8to1_0_0_utilization_synth.rpt -pb design_1_join_8to1_0_0_utilization_synth.pb
INFO: [Common 17-206] Exiting Vivado at Sat Jan  4 19:28:21 2020...
