17:30:07 INFO  : Registering command handlers for SDK TCF services
17:30:10 INFO  : Launching XSCT server: xsct -n -interactive /home/pslavkin/mse_3_21sdc/tp/tp.sdk/temp_xsdb_launch_script.tcl
17:30:15 INFO  : XSCT server has started successfully.
17:30:16 INFO  : Successfully done setting XSCT server connection channel  
17:30:16 INFO  : Successfully done setting SDK workspace  
17:30:16 INFO  : Processing command line option -hwspec /home/pslavkin/mse_3_21sdc/tp/tp.sdk/design_1_wrapper.hdf.
17:52:55 INFO  : SDK has detected change in the last modified timestamps for source hardware specification file Source:1575059862000,  Project:1575059285000
17:52:55 INFO  : Project design_1_wrapper_hw_platform_0's source hardware specification located at /home/pslavkin/mse_3_21sdc/tp/tp.sdk/design_1_wrapper.hdf is now different from the local copy.
		 The local copy will be replaced with the source specification and your workspace will be updated.
17:52:57 INFO  : Copied contents of /home/pslavkin/mse_3_21sdc/tp/tp.sdk/design_1_wrapper.hdf into /design_1_wrapper_hw_platform_0/system.hdf.
17:53:01 INFO  : Synchronizing projects in the workspace with the hardware platform specification changes.
17:53:02 INFO  : 
17:53:03 INFO  : Updating hardware inferred compiler options for tp.
17:53:03 INFO  : Clearing existing target manager status.
17:53:03 INFO  : Closing and re-opening the MSS file of ther project tp_bsp
17:53:03 INFO  : Workspace synchronized with the new hardware specification file. Cleaning dependent projects...
17:53:05 WARN  : Linker script will not be updated automatically. Users need to update it manually.
17:58:21 INFO  : Connected to target on host '127.0.0.1' and port '3121'.
17:58:22 INFO  : Jtag cable 'Digilent Arty Z7 003017A5C53CA' is selected.
17:58:22 INFO  : 'jtag frequency' command is executed.
17:58:22 INFO  : Sourcing of '/home/pslavkin/mse_3_21sdc/tp/tp.sdk/design_1_wrapper_hw_platform_0/ps7_init.tcl' is done.
17:58:22 INFO  : Context for 'APU' is selected.
17:58:22 INFO  : System reset is completed.
17:58:25 INFO  : 'after 3000' command is executed.
17:58:25 INFO  : 'targets -set -filter {jtag_cable_name =~ "Digilent Arty Z7 003017A5C53CA" && level==0} -index 1' command is executed.
17:58:27 INFO  : FPGA configured successfully with bitstream "/home/pslavkin/mse_3_21sdc/tp/tp.sdk/design_1_wrapper_hw_platform_0/design_1_wrapper.bit"
17:58:27 INFO  : Context for 'APU' is selected.
17:58:27 INFO  : Hardware design information is loaded from '/home/pslavkin/mse_3_21sdc/tp/tp.sdk/design_1_wrapper_hw_platform_0/system.hdf'.
17:58:27 INFO  : 'configparams force-mem-access 1' command is executed.
17:58:27 INFO  : Context for 'APU' is selected.
17:58:28 INFO  : 'ps7_init' command is executed.
17:58:28 INFO  : 'ps7_post_config' command is executed.
17:58:28 INFO  : 'configparams force-mem-access 0' command is executed.
17:58:28 INFO  : ----------------XSDB Script----------------
connect -url tcp:127.0.0.1:3121
source /home/pslavkin/mse_3_21sdc/tp/tp.sdk/design_1_wrapper_hw_platform_0/ps7_init.tcl
targets -set -nocase -filter {name =~"APU*" && jtag_cable_name =~ "Digilent Arty Z7 003017A5C53CA"} -index 0
rst -system
after 3000
targets -set -filter {jtag_cable_name =~ "Digilent Arty Z7 003017A5C53CA" && level==0} -index 1
fpga -file /home/pslavkin/mse_3_21sdc/tp/tp.sdk/design_1_wrapper_hw_platform_0/design_1_wrapper.bit
targets -set -nocase -filter {name =~"APU*" && jtag_cable_name =~ "Digilent Arty Z7 003017A5C53CA"} -index 0
loadhw -hw /home/pslavkin/mse_3_21sdc/tp/tp.sdk/design_1_wrapper_hw_platform_0/system.hdf -mem-ranges [list {0x40000000 0xbfffffff}]
configparams force-mem-access 1
targets -set -nocase -filter {name =~"APU*" && jtag_cable_name =~ "Digilent Arty Z7 003017A5C53CA"} -index 0
ps7_init
ps7_post_config
configparams force-mem-access 0
----------------End of Script----------------

17:58:52 INFO  : Disconnected from the channel tcfchan#1.
17:59:30 INFO  : Connected to target on host '127.0.0.1' and port '3121'.
17:59:31 INFO  : Jtag cable 'Digilent Arty Z7 003017A5C53CA' is selected.
17:59:31 INFO  : 'jtag frequency' command is executed.
17:59:31 INFO  : Sourcing of '/home/pslavkin/mse_3_21sdc/tp/tp.sdk/design_1_wrapper_hw_platform_0/ps7_init.tcl' is done.
17:59:31 INFO  : Context for 'APU' is selected.
17:59:31 INFO  : System reset is completed.
17:59:34 INFO  : 'after 3000' command is executed.
17:59:34 INFO  : 'targets -set -filter {jtag_cable_name =~ "Digilent Arty Z7 003017A5C53CA" && level==0} -index 1' command is executed.
17:59:37 INFO  : FPGA configured successfully with bitstream "/home/pslavkin/mse_3_21sdc/tp/tp.sdk/design_1_wrapper_hw_platform_0/design_1_wrapper.bit"
17:59:37 INFO  : Context for 'APU' is selected.
17:59:38 INFO  : Hardware design information is loaded from '/home/pslavkin/mse_3_21sdc/tp/tp.sdk/design_1_wrapper_hw_platform_0/system.hdf'.
17:59:38 INFO  : 'configparams force-mem-access 1' command is executed.
17:59:38 INFO  : Context for 'APU' is selected.
17:59:39 INFO  : 'ps7_init' command is executed.
17:59:39 INFO  : 'ps7_post_config' command is executed.
17:59:39 INFO  : Context for processor 'ps7_cortexa9_0' is selected.
17:59:39 INFO  : The application '/home/pslavkin/mse_3_21sdc/tp/tp.sdk/tp/Debug/tp.elf' is downloaded to processor 'ps7_cortexa9_0'.
17:59:39 INFO  : 'configparams force-mem-access 0' command is executed.
17:59:39 INFO  : ----------------XSDB Script----------------
connect -url tcp:127.0.0.1:3121
source /home/pslavkin/mse_3_21sdc/tp/tp.sdk/design_1_wrapper_hw_platform_0/ps7_init.tcl
targets -set -nocase -filter {name =~"APU*" && jtag_cable_name =~ "Digilent Arty Z7 003017A5C53CA"} -index 0
rst -system
after 3000
targets -set -filter {jtag_cable_name =~ "Digilent Arty Z7 003017A5C53CA" && level==0} -index 1
fpga -file /home/pslavkin/mse_3_21sdc/tp/tp.sdk/design_1_wrapper_hw_platform_0/design_1_wrapper.bit
targets -set -nocase -filter {name =~"APU*" && jtag_cable_name =~ "Digilent Arty Z7 003017A5C53CA"} -index 0
loadhw -hw /home/pslavkin/mse_3_21sdc/tp/tp.sdk/design_1_wrapper_hw_platform_0/system.hdf -mem-ranges [list {0x40000000 0xbfffffff}]
configparams force-mem-access 1
targets -set -nocase -filter {name =~"APU*" && jtag_cable_name =~ "Digilent Arty Z7 003017A5C53CA"} -index 0
ps7_init
ps7_post_config
targets -set -nocase -filter {name =~ "ARM*#0" && jtag_cable_name =~ "Digilent Arty Z7 003017A5C53CA"} -index 0
dow /home/pslavkin/mse_3_21sdc/tp/tp.sdk/tp/Debug/tp.elf
configparams force-mem-access 0
----------------End of Script----------------

18:04:04 INFO  : Disconnected from the channel tcfchan#2.
18:04:05 INFO  : Connected to target on host '127.0.0.1' and port '3121'.
18:04:05 INFO  : Jtag cable 'Digilent Arty Z7 003017A5C53CA' is selected.
18:04:05 INFO  : 'jtag frequency' command is executed.
18:04:05 INFO  : Sourcing of '/home/pslavkin/mse_3_21sdc/tp/tp.sdk/design_1_wrapper_hw_platform_0/ps7_init.tcl' is done.
18:04:05 INFO  : Context for 'APU' is selected.
18:04:05 INFO  : System reset is completed.
18:04:08 INFO  : 'after 3000' command is executed.
18:04:08 INFO  : 'targets -set -filter {jtag_cable_name =~ "Digilent Arty Z7 003017A5C53CA" && level==0} -index 1' command is executed.
18:04:10 INFO  : FPGA configured successfully with bitstream "/home/pslavkin/mse_3_21sdc/tp/tp.sdk/design_1_wrapper_hw_platform_0/design_1_wrapper.bit"
18:04:10 INFO  : Context for 'APU' is selected.
18:04:11 INFO  : Hardware design information is loaded from '/home/pslavkin/mse_3_21sdc/tp/tp.sdk/design_1_wrapper_hw_platform_0/system.hdf'.
18:04:11 INFO  : 'configparams force-mem-access 1' command is executed.
18:04:11 INFO  : Context for 'APU' is selected.
18:04:11 INFO  : 'ps7_init' command is executed.
18:04:11 INFO  : 'ps7_post_config' command is executed.
18:04:11 INFO  : Context for processor 'ps7_cortexa9_0' is selected.
18:04:11 INFO  : The application '/home/pslavkin/mse_3_21sdc/tp/tp.sdk/tp/Debug/tp.elf' is downloaded to processor 'ps7_cortexa9_0'.
18:04:11 INFO  : 'configparams force-mem-access 0' command is executed.
18:04:11 INFO  : ----------------XSDB Script----------------
connect -url tcp:127.0.0.1:3121
source /home/pslavkin/mse_3_21sdc/tp/tp.sdk/design_1_wrapper_hw_platform_0/ps7_init.tcl
targets -set -nocase -filter {name =~"APU*" && jtag_cable_name =~ "Digilent Arty Z7 003017A5C53CA"} -index 0
rst -system
after 3000
targets -set -filter {jtag_cable_name =~ "Digilent Arty Z7 003017A5C53CA" && level==0} -index 1
fpga -file /home/pslavkin/mse_3_21sdc/tp/tp.sdk/design_1_wrapper_hw_platform_0/design_1_wrapper.bit
targets -set -nocase -filter {name =~"APU*" && jtag_cable_name =~ "Digilent Arty Z7 003017A5C53CA"} -index 0
loadhw -hw /home/pslavkin/mse_3_21sdc/tp/tp.sdk/design_1_wrapper_hw_platform_0/system.hdf -mem-ranges [list {0x40000000 0xbfffffff}]
configparams force-mem-access 1
targets -set -nocase -filter {name =~"APU*" && jtag_cable_name =~ "Digilent Arty Z7 003017A5C53CA"} -index 0
ps7_init
ps7_post_config
targets -set -nocase -filter {name =~ "ARM*#0" && jtag_cable_name =~ "Digilent Arty Z7 003017A5C53CA"} -index 0
dow /home/pslavkin/mse_3_21sdc/tp/tp.sdk/tp/Debug/tp.elf
configparams force-mem-access 0
----------------End of Script----------------

